Release 14.7 Map P.20131013 (lin64)
Xilinx Mapping Report File for Design 'main'

Design Information
------------------
Command Line   : map -detail -pr b cascadedring.ngd 
Target Device  : xc3s250e
Target Package : vq100
Target Speed   : -4
Mapper Version : spartan3e -- $Revision: 1.55 $
Mapped Date    : Mon Jul  9 19:49:48 2018

Design Summary
--------------
Number of errors:      0
Number of warnings:    0
Logic Utilization:
  Number of Slice Flip Flops:            69 out of   4,896    1%
  Number of 4 input LUTs:                 6 out of   4,896    1%
Logic Distribution:
  Number of occupied Slices:             72 out of   2,448    2%
    Number of Slices containing only related logic:      72 out of      72 100%
    Number of Slices containing unrelated logic:          0 out of      72   0%
      *See NOTES below for an explanation of the effects of unrelated logic.
  Total Number of 4 input LUTs:           6 out of   4,896    1%
  Number of bonded IOBs:                  9 out of      66   13%
  Number of BUFGMUXs:                     1 out of      24    4%

Average Fanout of Non-Clock Nets:                1.99

Peak Memory Usage:  577 MB
Total REAL time to MAP completion:  1 secs 
Total CPU time to MAP completion:   1 secs 

NOTES:

   Related logic is defined as being logic that shares connectivity - e.g. two
   LUTs are "related" if they share common inputs.  When assembling slices,
   Map gives priority to combine logic that is related.  Doing so results in
   the best timing performance.

   Unrelated logic shares no connectivity.  Map will only begin packing
   unrelated logic into a slice once 99% of the slices are occupied through
   related logic packing.

   Note that once logic distribution reaches the 99% level through related
   logic packing, this does not mean the device is completely utilized.
   Unrelated logic packing will then begin, continuing until all usable LUTs
   and FFs are occupied.  Depending on your timing budget, increased levels of
   unrelated logic packing may adversely affect the overall timing performance
   of your design.

Table of Contents
-----------------
Section 1 - Errors
Section 2 - Warnings
Section 3 - Informational
Section 4 - Removed Logic Summary
Section 5 - Removed Logic
Section 6 - IOB Properties
Section 7 - RPMs
Section 8 - Guide Report
Section 9 - Area Group and Partition Summary
Section 10 - Timing Report
Section 11 - Configuration String Information
Section 12 - Control Set Information
Section 13 - Utilization by Hierarchy

Section 1 - Errors
------------------

Section 2 - Warnings
--------------------

Section 3 - Informational
-------------------------
INFO:MapLib:562 - No environment variables are currently set.
INFO:MapLib:159 - Net Timing constraints on signal CLKIN are pushed forward
   through input buffer.
INFO:LIT:244 - All of the single ended outputs in this design are using slew
   rate limited output drivers. The delay on speed critical single ended outputs
   can be dramatically reduced by designating them as fast outputs.

Section 4 - Removed Logic Summary
---------------------------------
   2 block(s) optimized away
   1 signal(s) removed
   1 Block(s) redundant

Section 5 - Removed Logic
-------------------------

The trimmed logic reported below is either:
   1. part of a cycle
   2. part of disabled logic
   3. a side-effect of other trimmed logic

The signal "N0" is unused and has been removed.

Optimized Block(s):
TYPE 		BLOCK
GND 		XST_GND
VCC 		XST_VCC

Redundant Block(s):
TYPE 		BLOCK
LUT2 		inst1/inst0

Section 6 - IOB Properties
--------------------------

+---------------------------------------------------------------------------------------------------------------------------------------------------------+
| IOB Name                           | Type             | Direction | IO Standard          | Diff  | Drive    | Slew | Reg (s)      | Resistor | IOB      |
|                                    |                  |           |                      | Term  | Strength | Rate |              |          | Delay    |
+---------------------------------------------------------------------------------------------------------------------------------------------------------+
| CLKIN                              | IBUF             | INPUT     | LVCMOS25             |       |          |      |              |          | 0 / 0    |
| LED<0>                             | IOB              | OUTPUT    | LVTTL                |       | 12       | SLOW |              |          | 0 / 0    |
| LED<1>                             | IOB              | OUTPUT    | LVTTL                |       | 12       | SLOW |              |          | 0 / 0    |
| LED<2>                             | IOB              | OUTPUT    | LVTTL                |       | 12       | SLOW |              |          | 0 / 0    |
| LED<3>                             | IOB              | OUTPUT    | LVTTL                |       | 12       | SLOW |              |          | 0 / 0    |
| LED<4>                             | IOB              | OUTPUT    | LVTTL                |       | 12       | SLOW |              |          | 0 / 0    |
| LED<5>                             | IOB              | OUTPUT    | LVTTL                |       | 12       | SLOW |              |          | 0 / 0    |
| LED<6>                             | IOB              | OUTPUT    | LVTTL                |       | 12       | SLOW |              |          | 0 / 0    |
| LED<7>                             | IOB              | OUTPUT    | LVTTL                |       | 12       | SLOW |              |          | 0 / 0    |
+---------------------------------------------------------------------------------------------------------------------------------------------------------+

Section 7 - RPMs
----------------

Section 8 - Guide Report
------------------------
Guide not run on this design.

Section 9 - Area Group and Partition Summary
--------------------------------------------

Partition Implementation Status
-------------------------------

  No Partitions were found in this design.

-------------------------------

Area Group Information
----------------------

  No area groups were found in this design.

----------------------

Section 10 - Timing Report
--------------------------
This design was not run using timing mode.

Section 11 - Configuration String Details
-----------------------------------------
BUFGMUX "CLKIN_BUFGP/BUFG":
DISABLE_ATTR:LOW




Section 12 - Control Set Information
------------------------------------
No control set information for this architecture.

Section 13 - Utilization by Hierarchy
-------------------------------------
+-------------------------------------------------------------------------------------------------------------------------------------------------------------+
| Module             | Partition | Slices        | Slice Reg     | LUTs          | LUTRAM        | BRAM      | MULT18X18 | BUFG  | DCM   | Full Hierarchical  |
+-------------------------------------------------------------------------------------------------------------------------------------------------------------+
| main/              |           | 0/75          | 0/69          | 0/6           | 0/0           | 0/0       | 0/0       | 1/1   | 0/0   | main               |
| +inst0             |           | 9/9           | 9/9           | 0/0           | 0/0           | 0/0       | 0/0       | 0/0   | 0/0   | main/inst0         |
| +inst10            |           | 9/9           | 9/9           | 0/0           | 0/0           | 0/0       | 0/0       | 0/0   | 0/0   | main/inst10        |
| +inst11            |           | 1/1           | 0/0           | 1/1           | 0/0           | 0/0       | 0/0       | 0/0   | 0/0   | main/inst11        |
| +inst12            |           | 7/7           | 7/7           | 0/0           | 0/0           | 0/0       | 0/0       | 0/0   | 0/0   | main/inst12        |
| +inst13            |           | 1/1           | 0/0           | 1/1           | 0/0           | 0/0       | 0/0       | 0/0   | 0/0   | main/inst13        |
| +inst14            |           | 8/8           | 8/8           | 0/0           | 0/0           | 0/0       | 0/0       | 0/0   | 0/0   | main/inst14        |
| +inst2             |           | 9/9           | 9/9           | 0/0           | 0/0           | 0/0       | 0/0       | 0/0   | 0/0   | main/inst2         |
| +inst3             |           | 1/1           | 0/0           | 1/1           | 0/0           | 0/0       | 0/0       | 0/0   | 0/0   | main/inst3         |
| +inst4             |           | 9/9           | 9/9           | 0/0           | 0/0           | 0/0       | 0/0       | 0/0   | 0/0   | main/inst4         |
| +inst5             |           | 1/1           | 0/0           | 1/1           | 0/0           | 0/0       | 0/0       | 0/0   | 0/0   | main/inst5         |
| +inst6             |           | 9/9           | 9/9           | 0/0           | 0/0           | 0/0       | 0/0       | 0/0   | 0/0   | main/inst6         |
| +inst7             |           | 1/1           | 0/0           | 1/1           | 0/0           | 0/0       | 0/0       | 0/0   | 0/0   | main/inst7         |
| +inst8             |           | 9/9           | 9/9           | 0/0           | 0/0           | 0/0       | 0/0       | 0/0   | 0/0   | main/inst8         |
| +inst9             |           | 1/1           | 0/0           | 1/1           | 0/0           | 0/0       | 0/0       | 0/0   | 0/0   | main/inst9         |
+-------------------------------------------------------------------------------------------------------------------------------------------------------------+

* Slices can be packed with basic elements from multiple hierarchies.
  Therefore, a slice will be counted in every hierarchical module
  that each of its packed basic elements belong to.
** For each column, there are two numbers reported <A>/<B>.
   <A> is the number of elements that belong to that specific hierarchical module.
   <B> is the total number of elements from that hierarchical module and any lower level
   hierarchical modules below.
*** The LUTRAM column counts all LUTs used as memory including RAM, ROM, and shift registers.
